*** Using Compiler 'V6.21', folder: 'D:\keil_v5\ARM\ARMCLANG\Bin'
Build target 'Template_FreeRTOS'
compiling gd32f4xx_it.c...
compiling pid.c...
compiling systick.c...
compiling system.c...
compiling delay.c...
compiling main.c...
compiling motor.c...
compiling bsp_key.c...
compiling bsp_led.c...
compiling encoder.c...
compiling attitude.c...
compiling filter.c...
compiling bsp_usart.c...
compiling maths.c...
compiling bsp_basic_timer.c...
compiling bsp_pwm.c...
compiling bsp_dma.c...
compiling mpu6050.c...
compiling gd32f4xx_gpio.c...
compiling inv_mpu_dmp_motion_driver.c...
compiling gd32f4xx_misc.c...
compiling gd32f4xx_rcu.c...
compiling gd32f4xx_adc.c...
compiling gd32f4xx_exti.c...
compiling inv_mpu.c...
compiling gd32f4xx_i2c.c...
compiling gd32f4xx_dma.c...
compiling gd32f4xx_spi.c...
compiling gd32f4xx_syscfg.c...
compiling croutine.c...
compiling system_gd32f4xx.c...
compiling gd32f4xx_usart.c...
compiling event_groups.c...
compiling gd32f4xx_timer.c...
compiling list.c...
compiling timers.c...
compiling stream_buffer.c...
compiling port.c...
compiling heap_4.c...
compiling queue.c...
compiling tasks.c...
linking...
Program Size: Code=30540 RO-data=4252 RW-data=76 ZI-data=83036  
FromELF: creating hex file...
".\Objects\Template.axf" - 0 Error(s), 0 Warning(s).
Build Time Elapsed:  00:00:11
